#
# There is insufficient memory for the Java Runtime Environment to continue.
# Native memory allocation (malloc) failed to allocate 1011616 bytes. Error detail: Chunk::new
# Possible reasons:
#   The system is out of physical RAM or swap space
#   This process is running with CompressedOops enabled, and the Java Heap may be blocking the growth of the native heap
# Possible solutions:
#   Reduce memory load on the system
#   Increase physical memory or swap space
#   Check if swap backing store is full
#   Decrease Java heap size (-Xmx/-Xms)
#   Decrease number of Java threads
#   Decrease Java thread stack sizes (-Xss)
#   Set larger code cache with -XX:ReservedCodeCacheSize=
#   JVM is running with Zero Based Compressed Oops mode in which the Java heap is
#     placed in the first 32GB address space. The Java Heap base address is the
#     maximum limit for the native heap growth. Please use -XX:HeapBaseMinAddress
#     to set the Java Heap base and to place the Java Heap above 32GB virtual address.
# This output file may be truncated or incomplete.
#
#  Out of Memory Error (arena.cpp:168), pid=14984, tid=11640
#
# JRE version: OpenJDK Runtime Environment (21.0.6) (build 21.0.6+-13355223-b631.42)
# Java VM: OpenJDK 64-Bit Server VM (21.0.6+-13355223-b631.42, mixed mode, tiered, compressed oops, compressed class ptrs, g1 gc, windows-amd64)
# No core dump will be written. Minidumps are not enabled by default on client versions of Windows
#

---------------  S U M M A R Y ------------

Command Line: git4idea.http.GitAskPassApp Username for 'https://github.com': 

Host: 11th Gen Intel(R) Core(TM) i5-1135G7 @ 2.40GHz, 8 cores, 15G,  Windows 11 , 64 bit Build 26100 (10.0.26100.3912)
Time: Fri May  9 17:44:00 2025 Egypt Daylight Time elapsed time: 8.037486 seconds (0d 0h 0m 8s)

---------------  T H R E A D  ---------------

Current thread (0x0000028cafa594b0):  JavaThread "C2 CompilerThread1" daemon [_thread_in_native, id=11640, stack(0x0000009b0c800000,0x0000009b0c900000) (1024K)]


Current CompileTask:
C2:8037 1121       4       sun.security.ec.ECOperations::setDouble (463 bytes)

Stack: [0x0000009b0c800000,0x0000009b0c900000]
Native frames: (J=compiled Java code, j=interpreted, Vv=VM code, C=native code)
V  [jvm.dll+0x6d05a9]
V  [jvm.dll+0x85ea73]
V  [jvm.dll+0x860fce]
V  [jvm.dll+0x8616b3]
V  [jvm.dll+0x27e6e6]
V  [jvm.dll+0xbff6d]
V  [jvm.dll+0xc04a3]
V  [jvm.dll+0x2f2780]
V  [jvm.dll+0x5fa379]
V  [jvm.dll+0x250d92]
V  [jvm.dll+0x25114f]
V  [jvm.dll+0x2498f5]
V  [jvm.dll+0x24714e]
V  [jvm.dll+0x1c5f04]
V  [jvm.dll+0x2569ac]
V  [jvm.dll+0x254ef6]
V  [jvm.dll+0x3f0e56]
V  [jvm.dll+0x806e48]
V  [jvm.dll+0x6cee7d]
C  [ucrtbase.dll+0x37b0]
C  [KERNEL32.DLL+0x2e8d7]
C  [ntdll.dll+0x9c5dc]


---------------  P R O C E S S  ---------------

Threads class SMR info:
_java_thread_list=0x0000028cafa1cc40, length=15, elements={
0x0000028c952b9960, 0x0000028caf21edb0, 0x0000028caf221820, 0x0000028caf22a290,
0x0000028caf22ace0, 0x0000028caf22b730, 0x0000028caf236ab0, 0x0000028caf237830,
0x0000028caf2a5d40, 0x0000028caf3d0ce0, 0x0000028caf3da530, 0x0000028caf833a30,
0x0000028cafa651b0, 0x0000028cafa4e150, 0x0000028cafa594b0
}

Java Threads: ( => current thread )
  0x0000028c952b9960 JavaThread "main"                              [_thread_in_vm, id=17464, stack(0x0000009b0b100000,0x0000009b0b200000) (1024K)]
  0x0000028caf21edb0 JavaThread "Reference Handler"          daemon [_thread_blocked, id=16700, stack(0x0000009b0ba00000,0x0000009b0bb00000) (1024K)]
  0x0000028caf221820 JavaThread "Finalizer"                  daemon [_thread_blocked, id=16200, stack(0x0000009b0bb00000,0x0000009b0bc00000) (1024K)]
  0x0000028caf22a290 JavaThread "Signal Dispatcher"          daemon [_thread_blocked, id=15800, stack(0x0000009b0bc00000,0x0000009b0bd00000) (1024K)]
  0x0000028caf22ace0 JavaThread "Attach Listener"            daemon [_thread_blocked, id=4388, stack(0x0000009b0bd00000,0x0000009b0be00000) (1024K)]
  0x0000028caf22b730 JavaThread "Service Thread"             daemon [_thread_blocked, id=17608, stack(0x0000009b0be00000,0x0000009b0bf00000) (1024K)]
  0x0000028caf236ab0 JavaThread "Monitor Deflation Thread"   daemon [_thread_blocked, id=11788, stack(0x0000009b0bf00000,0x0000009b0c000000) (1024K)]
  0x0000028caf237830 JavaThread "C2 CompilerThread0"         daemon [_thread_in_native, id=15020, stack(0x0000009b0c000000,0x0000009b0c100000) (1024K)]
  0x0000028caf2a5d40 JavaThread "C1 CompilerThread0"         daemon [_thread_in_native, id=20360, stack(0x0000009b0c100000,0x0000009b0c200000) (1024K)]
  0x0000028caf3d0ce0 JavaThread "Notification Thread"        daemon [_thread_blocked, id=20388, stack(0x0000009b0c200000,0x0000009b0c300000) (1024K)]
  0x0000028caf3da530 JavaThread "Common-Cleaner"             daemon [_thread_blocked, id=13052, stack(0x0000009b0c300000,0x0000009b0c400000) (1024K)]
  0x0000028caf833a30 JavaThread "HttpClient-1-SelectorManager" daemon [_thread_in_native, id=20856, stack(0x0000009b0c400000,0x0000009b0c500000) (1024K)]
  0x0000028cafa651b0 JavaThread "HttpClient-1-Worker-0"      daemon [_thread_in_Java, id=18012, stack(0x0000009b0c600000,0x0000009b0c700000) (1024K)]
  0x0000028cafa4e150 JavaThread "HttpClient-1-Worker-1"      daemon [_thread_blocked, id=19388, stack(0x0000009b0c700000,0x0000009b0c800000) (1024K)]
=>0x0000028cafa594b0 JavaThread "C2 CompilerThread1"         daemon [_thread_in_native, id=11640, stack(0x0000009b0c800000,0x0000009b0c900000) (1024K)]
Total: 15

Other Threads:
  0x0000028caf1d0350 VMThread "VM Thread"                           [id=13104, stack(0x0000009b0b900000,0x0000009b0ba00000) (1024K)]
  0x0000028caeff8b00 WatcherThread "VM Periodic Task Thread"        [id=10016, stack(0x0000009b0b800000,0x0000009b0b900000) (1024K)]
  0x0000028c9531ed90 WorkerThread "GC Thread#0"                     [id=22780, stack(0x0000009b0b300000,0x0000009b0b400000) (1024K)]
  0x0000028c9532f930 ConcurrentGCThread "G1 Main Marker"            [id=1928, stack(0x0000009b0b400000,0x0000009b0b500000) (1024K)]
  0x0000028c95331270 WorkerThread "G1 Conc#0"                       [id=12572, stack(0x0000009b0b500000,0x0000009b0b600000) (1024K)]
  0x0000028c9537ea60 ConcurrentGCThread "G1 Refine#0"               [id=23204, stack(0x0000009b0b600000,0x0000009b0b700000) (1024K)]
  0x0000028caeecb790 ConcurrentGCThread "G1 Service"                [id=3744, stack(0x0000009b0b700000,0x0000009b0b800000) (1024K)]
Total: 7

Threads with active compile tasks:
C2 CompilerThread0  9994 1142       4       sun.security.util.math.intpoly.IntegerPolynomial$MutableElement::setProduct (58 bytes)
C1 CompilerThread0  9994 1138       3       jdk.internal.org.objectweb.asm.MethodWriter::putMethodInfo (1274 bytes)
C2 CompilerThread1  9994 1121       4       sun.security.ec.ECOperations::setDouble (463 bytes)
Total: 3

VM state: not at safepoint (normal execution)

VM Mutex/Monitor currently owned by a thread: None

Heap address: 0x0000000704400000, size: 4028 MB, Compressed Oops mode: Zero based, Oop shift amount: 3

CDS archive(s) not mapped
Compressed class space mapped at: 0x0000000800000000-0x0000000840000000, reserved size: 1073741824
Narrow klass base: 0x0000000800000000, Narrow klass shift: 0, Narrow klass range: 0x40000000

GC Precious Log:
 CardTable entry size: 512
 Card Set container configuration: InlinePtr #cards 4 size 8 Array Of Cards #cards 16 size 48 Howl #buckets 8 coarsen threshold 3686 Howl Bitmap #cards 512 size 80 coarsen threshold 460 Card regions per heap region 1 cards per card region 4096
 CPUs: 8 total, 8 available
 Memory: 16106M
 Large Page Support: Disabled
 NUMA Support: Disabled
 Compressed Oops: Enabled (Zero based)
 Heap Region Size: 2M
 Heap Min Capacity: 8M
 Heap Initial Capacity: 252M
 Heap Max Capacity: 4028M
 Pre-touch: Disabled
 Parallel Workers: 8
 Concurrent Workers: 2
 Concurrent Refinement Workers: 8
 Periodic GC: Disabled

Heap:
 garbage-first heap   total 258048K, used 14336K [0x0000000704400000, 0x0000000800000000)
  region size 2048K, 8 young (16384K), 0 survivors (0K)
 Metaspace       used 16067K, committed 16256K, reserved 1114112K
  class space    used 1699K, committed 1792K, reserved 1048576K

Heap Regions: E=young(eden), S=young(survivor), O=old, HS=humongous(starts), HC=humongous(continues), CS=collection set, F=free, TAMS=top-at-mark-start, PB=parsable bottom
|   0|0x0000000704400000, 0x0000000704400000, 0x0000000704600000|  0%| F|  |TAMS 0x0000000704400000| PB 0x0000000704400000| Untracked 
|   1|0x0000000704600000, 0x0000000704600000, 0x0000000704800000|  0%| F|  |TAMS 0x0000000704600000| PB 0x0000000704600000| Untracked 
|   2|0x0000000704800000, 0x0000000704800000, 0x0000000704a00000|  0%| F|  |TAMS 0x0000000704800000| PB 0x0000000704800000| Untracked 
|   3|0x0000000704a00000, 0x0000000704a00000, 0x0000000704c00000|  0%| F|  |TAMS 0x0000000704a00000| PB 0x0000000704a00000| Untracked 
|   4|0x0000000704c00000, 0x0000000704c00000, 0x0000000704e00000|  0%| F|  |TAMS 0x0000000704c00000| PB 0x0000000704c00000| Untracked 
|   5|0x0000000704e00000, 0x0000000704e00000, 0x0000000705000000|  0%| F|  |TAMS 0x0000000704e00000| PB 0x0000000704e00000| Untracked 
|   6|0x0000000705000000, 0x0000000705000000, 0x0000000705200000|  0%| F|  |TAMS 0x0000000705000000| PB 0x0000000705000000| Untracked 
|   7|0x0000000705200000, 0x0000000705200000, 0x0000000705400000|  0%| F|  |TAMS 0x0000000705200000| PB 0x0000000705200000| Untracked 
|   8|0x0000000705400000, 0x0000000705400000, 0x0000000705600000|  0%| F|  |TAMS 0x0000000705400000| PB 0x0000000705400000| Untracked 
|   9|0x0000000705600000, 0x0000000705600000, 0x0000000705800000|  0%| F|  |TAMS 0x0000000705600000| PB 0x0000000705600000| Untracked 
|  10|0x0000000705800000, 0x0000000705800000, 0x0000000705a00000|  0%| F|  |TAMS 0x0000000705800000| PB 0x0000000705800000| Untracked 
|  11|0x0000000705a00000, 0x0000000705a00000, 0x0000000705c00000|  0%| F|  |TAMS 0x0000000705a00000| PB 0x0000000705a00000| Untracked 
|  12|0x0000000705c00000, 0x0000000705c00000, 0x0000000705e00000|  0%| F|  |TAMS 0x0000000705c00000| PB 0x0000000705c00000| Untracked 
|  13|0x0000000705e00000, 0x0000000705e00000, 0x0000000706000000|  0%| F|  |TAMS 0x0000000705e00000| PB 0x0000000705e00000| Untracked 
|  14|0x0000000706000000, 0x0000000706000000, 0x0000000706200000|  0%| F|  |TAMS 0x0000000706000000| PB 0x0000000706000000| Untracked 
|  15|0x0000000706200000, 0x0000000706200000, 0x0000000706400000|  0%| F|  |TAMS 0x0000000706200000| PB 0x0000000706200000| Untracked 
|  16|0x0000000706400000, 0x0000000706400000, 0x0000000706600000|  0%| F|  |TAMS 0x0000000706400000| PB 0x0000000706400000| Untracked 
|  17|0x0000000706600000, 0x0000000706600000, 0x0000000706800000|  0%| F|  |TAMS 0x0000000706600000| PB 0x0000000706600000| Untracked 
|  18|0x0000000706800000, 0x0000000706800000, 0x0000000706a00000|  0%| F|  |TAMS 0x0000000706800000| PB 0x0000000706800000| Untracked 
|  19|0x0000000706a00000, 0x0000000706a00000, 0x0000000706c00000|  0%| F|  |TAMS 0x0000000706a00000| PB 0x0000000706a00000| Untracked 
|  20|0x0000000706c00000, 0x0000000706c00000, 0x0000000706e00000|  0%| F|  |TAMS 0x0000000706c00000| PB 0x0000000706c00000| Untracked 
|  21|0x0000000706e00000, 0x0000000706e00000, 0x0000000707000000|  0%| F|  |TAMS 0x0000000706e00000| PB 0x0000000706e00000| Untracked 
|  22|0x0000000707000000, 0x0000000707000000, 0x0000000707200000|  0%| F|  |TAMS 0x0000000707000000| PB 0x0000000707000000| Untracked 
|  23|0x0000000707200000, 0x0000000707200000, 0x0000000707400000|  0%| F|  |TAMS 0x0000000707200000| PB 0x0000000707200000| Untracked 
|  24|0x0000000707400000, 0x0000000707400000, 0x0000000707600000|  0%| F|  |TAMS 0x0000000707400000| PB 0x0000000707400000| Untracked 
|  25|0x0000000707600000, 0x0000000707600000, 0x0000000707800000|  0%| F|  |TAMS 0x0000000707600000| PB 0x0000000707600000| Untracked 
|  26|0x0000000707800000, 0x0000000707800000, 0x0000000707a00000|  0%| F|  |TAMS 0x0000000707800000| PB 0x0000000707800000| Untracked 
|  27|0x0000000707a00000, 0x0000000707a00000, 0x0000000707c00000|  0%| F|  |TAMS 0x0000000707a00000| PB 0x0000000707a00000| Untracked 
|  28|0x0000000707c00000, 0x0000000707c00000, 0x0000000707e00000|  0%| F|  |TAMS 0x0000000707c00000| PB 0x0000000707c00000| Untracked 
|  29|0x0000000707e00000, 0x0000000707e00000, 0x0000000708000000|  0%| F|  |TAMS 0x0000000707e00000| PB 0x0000000707e00000| Untracked 
|  30|0x0000000708000000, 0x0000000708000000, 0x0000000708200000|  0%| F|  |TAMS 0x0000000708000000| PB 0x0000000708000000| Untracked 
|  31|0x0000000708200000, 0x0000000708200000, 0x0000000708400000|  0%| F|  |TAMS 0x0000000708200000| PB 0x0000000708200000| Untracked 
|  32|0x0000000708400000, 0x0000000708400000, 0x0000000708600000|  0%| F|  |TAMS 0x0000000708400000| PB 0x0000000708400000| Untracked 
|  33|0x0000000708600000, 0x0000000708600000, 0x0000000708800000|  0%| F|  |TAMS 0x0000000708600000| PB 0x0000000708600000| Untracked 
|  34|0x0000000708800000, 0x0000000708800000, 0x0000000708a00000|  0%| F|  |TAMS 0x0000000708800000| PB 0x0000000708800000| Untracked 
|  35|0x0000000708a00000, 0x0000000708a00000, 0x0000000708c00000|  0%| F|  |TAMS 0x0000000708a00000| PB 0x0000000708a00000| Untracked 
|  36|0x0000000708c00000, 0x0000000708c00000, 0x0000000708e00000|  0%| F|  |TAMS 0x0000000708c00000| PB 0x0000000708c00000| Untracked 
|  37|0x0000000708e00000, 0x0000000708e00000, 0x0000000709000000|  0%| F|  |TAMS 0x0000000708e00000| PB 0x0000000708e00000| Untracked 
|  38|0x0000000709000000, 0x0000000709000000, 0x0000000709200000|  0%| F|  |TAMS 0x0000000709000000| PB 0x0000000709000000| Untracked 
|  39|0x0000000709200000, 0x0000000709200000, 0x0000000709400000|  0%| F|  |TAMS 0x0000000709200000| PB 0x0000000709200000| Untracked 
|  40|0x0000000709400000, 0x0000000709400000, 0x0000000709600000|  0%| F|  |TAMS 0x0000000709400000| PB 0x0000000709400000| Untracked 
|  41|0x0000000709600000, 0x0000000709600000, 0x0000000709800000|  0%| F|  |TAMS 0x0000000709600000| PB 0x0000000709600000| Untracked 
|  42|0x0000000709800000, 0x0000000709800000, 0x0000000709a00000|  0%| F|  |TAMS 0x0000000709800000| PB 0x0000000709800000| Untracked 
|  43|0x0000000709a00000, 0x0000000709a00000, 0x0000000709c00000|  0%| F|  |TAMS 0x0000000709a00000| PB 0x0000000709a00000| Untracked 
|  44|0x0000000709c00000, 0x0000000709c00000, 0x0000000709e00000|  0%| F|  |TAMS 0x0000000709c00000| PB 0x0000000709c00000| Untracked 
|  45|0x0000000709e00000, 0x0000000709e00000, 0x000000070a000000|  0%| F|  |TAMS 0x0000000709e00000| PB 0x0000000709e00000| Untracked 
|  46|0x000000070a000000, 0x000000070a000000, 0x000000070a200000|  0%| F|  |TAMS 0x000000070a000000| PB 0x000000070a000000| Untracked 
|  47|0x000000070a200000, 0x000000070a200000, 0x000000070a400000|  0%| F|  |TAMS 0x000000070a200000| PB 0x000000070a200000| Untracked 
|  48|0x000000070a400000, 0x000000070a400000, 0x000000070a600000|  0%| F|  |TAMS 0x000000070a400000| PB 0x000000070a400000| Untracked 
|  49|0x000000070a600000, 0x000000070a600000, 0x000000070a800000|  0%| F|  |TAMS 0x000000070a600000| PB 0x000000070a600000| Untracked 
|  50|0x000000070a800000, 0x000000070a800000, 0x000000070aa00000|  0%| F|  |TAMS 0x000000070a800000| PB 0x000000070a800000| Untracked 
|  51|0x000000070aa00000, 0x000000070aa00000, 0x000000070ac00000|  0%| F|  |TAMS 0x000000070aa00000| PB 0x000000070aa00000| Untracked 
|  52|0x000000070ac00000, 0x000000070ac00000, 0x000000070ae00000|  0%| F|  |TAMS 0x000000070ac00000| PB 0x000000070ac00000| Untracked 
|  53|0x000000070ae00000, 0x000000070ae00000, 0x000000070b000000|  0%| F|  |TAMS 0x000000070ae00000| PB 0x000000070ae00000| Untracked 
|  54|0x000000070b000000, 0x000000070b000000, 0x000000070b200000|  0%| F|  |TAMS 0x000000070b000000| PB 0x000000070b000000| Untracked 
|  55|0x000000070b200000, 0x000000070b200000, 0x000000070b400000|  0%| F|  |TAMS 0x000000070b200000| PB 0x000000070b200000| Untracked 
|  56|0x000000070b400000, 0x000000070b400000, 0x000000070b600000|  0%| F|  |TAMS 0x000000070b400000| PB 0x000000070b400000| Untracked 
|  57|0x000000070b600000, 0x000000070b600000, 0x000000070b800000|  0%| F|  |TAMS 0x000000070b600000| PB 0x000000070b600000| Untracked 
|  58|0x000000070b800000, 0x000000070b800000, 0x000000070ba00000|  0%| F|  |TAMS 0x000000070b800000| PB 0x000000070b800000| Untracked 
|  59|0x000000070ba00000, 0x000000070ba00000, 0x000000070bc00000|  0%| F|  |TAMS 0x000000070ba00000| PB 0x000000070ba00000| Untracked 
|  60|0x000000070bc00000, 0x000000070bc00000, 0x000000070be00000|  0%| F|  |TAMS 0x000000070bc00000| PB 0x000000070bc00000| Untracked 
|  61|0x000000070be00000, 0x000000070be00000, 0x000000070c000000|  0%| F|  |TAMS 0x000000070be00000| PB 0x000000070be00000| Untracked 
|  62|0x000000070c000000, 0x000000070c000000, 0x000000070c200000|  0%| F|  |TAMS 0x000000070c000000| PB 0x000000070c000000| Untracked 
|  63|0x000000070c200000, 0x000000070c200000, 0x000000070c400000|  0%| F|  |TAMS 0x000000070c200000| PB 0x000000070c200000| Untracked 
|  64|0x000000070c400000, 0x000000070c400000, 0x000000070c600000|  0%| F|  |TAMS 0x000000070c400000| PB 0x000000070c400000| Untracked 
|  65|0x000000070c600000, 0x000000070c600000, 0x000000070c800000|  0%| F|  |TAMS 0x000000070c600000| PB 0x000000070c600000| Untracked 
|  66|0x000000070c800000, 0x000000070c800000, 0x000000070ca00000|  0%| F|  |TAMS 0x000000070c800000| PB 0x000000070c800000| Untracked 
|  67|0x000000070ca00000, 0x000000070ca00000, 0x000000070cc00000|  0%| F|  |TAMS 0x000000070ca00000| PB 0x000000070ca00000| Untracked 
|  68|0x000000070cc00000, 0x000000070cc00000, 0x000000070ce00000|  0%| F|  |TAMS 0x000000070cc00000| PB 0x000000070cc00000| Untracked 
|  69|0x000000070ce00000, 0x000000070ce00000, 0x000000070d000000|  0%| F|  |TAMS 0x000000070ce00000| PB 0x000000070ce00000| Untracked 
|  70|0x000000070d000000, 0x000000070d000000, 0x000000070d200000|  0%| F|  |TAMS 0x000000070d000000| PB 0x000000070d000000| Untracked 
|  71|0x000000070d200000, 0x000000070d200000, 0x000000070d400000|  0%| F|  |TAMS 0x000000070d200000| PB 0x000000070d200000| Untracked 
|  72|0x000000070d400000, 0x000000070d400000, 0x000000070d600000|  0%| F|  |TAMS 0x000000070d400000| PB 0x000000070d400000| Untracked 
|  73|0x000000070d600000, 0x000000070d600000, 0x000000070d800000|  0%| F|  |TAMS 0x000000070d600000| PB 0x000000070d600000| Untracked 
|  74|0x000000070d800000, 0x000000070d800000, 0x000000070da00000|  0%| F|  |TAMS 0x000000070d800000| PB 0x000000070d800000| Untracked 
|  75|0x000000070da00000, 0x000000070da00000, 0x000000070dc00000|  0%| F|  |TAMS 0x000000070da00000| PB 0x000000070da00000| Untracked 
|  76|0x000000070dc00000, 0x000000070dc00000, 0x000000070de00000|  0%| F|  |TAMS 0x000000070dc00000| PB 0x000000070dc00000| Untracked 
|  77|0x000000070de00000, 0x000000070de00000, 0x000000070e000000|  0%| F|  |TAMS 0x000000070de00000| PB 0x000000070de00000| Untracked 
|  78|0x000000070e000000, 0x000000070e000000, 0x000000070e200000|  0%| F|  |TAMS 0x000000070e000000| PB 0x000000070e000000| Untracked 
|  79|0x000000070e200000, 0x000000070e200000, 0x000000070e400000|  0%| F|  |TAMS 0x000000070e200000| PB 0x000000070e200000| Untracked 
|  80|0x000000070e400000, 0x000000070e400000, 0x000000070e600000|  0%| F|  |TAMS 0x000000070e400000| PB 0x000000070e400000| Untracked 
|  81|0x000000070e600000, 0x000000070e600000, 0x000000070e800000|  0%| F|  |TAMS 0x000000070e600000| PB 0x000000070e600000| Untracked 
|  82|0x000000070e800000, 0x000000070e800000, 0x000000070ea00000|  0%| F|  |TAMS 0x000000070e800000| PB 0x000000070e800000| Untracked 
|  83|0x000000070ea00000, 0x000000070ea00000, 0x000000070ec00000|  0%| F|  |TAMS 0x000000070ea00000| PB 0x000000070ea00000| Untracked 
|  84|0x000000070ec00000, 0x000000070ec00000, 0x000000070ee00000|  0%| F|  |TAMS 0x000000070ec00000| PB 0x000000070ec00000| Untracked 
|  85|0x000000070ee00000, 0x000000070ee00000, 0x000000070f000000|  0%| F|  |TAMS 0x000000070ee00000| PB 0x000000070ee00000| Untracked 
|  86|0x000000070f000000, 0x000000070f000000, 0x000000070f200000|  0%| F|  |TAMS 0x000000070f000000| PB 0x000000070f000000| Untracked 
|  87|0x000000070f200000, 0x000000070f200000, 0x000000070f400000|  0%| F|  |TAMS 0x000000070f200000| PB 0x000000070f200000| Untracked 
|  88|0x000000070f400000, 0x000000070f400000, 0x000000070f600000|  0%| F|  |TAMS 0x000000070f400000| PB 0x000000070f400000| Untracked 
|  89|0x000000070f600000, 0x000000070f600000, 0x000000070f800000|  0%| F|  |TAMS 0x000000070f600000| PB 0x000000070f600000| Untracked 
|  90|0x000000070f800000, 0x000000070f800000, 0x000000070fa00000|  0%| F|  |TAMS 0x000000070f800000| PB 0x000000070f800000| Untracked 
|  91|0x000000070fa00000, 0x000000070fa00000, 0x000000070fc00000|  0%| F|  |TAMS 0x000000070fa00000| PB 0x000000070fa00000| Untracked 
|  92|0x000000070fc00000, 0x000000070fc00000, 0x000000070fe00000|  0%| F|  |TAMS 0x000000070fc00000| PB 0x000000070fc00000| Untracked 
|  93|0x000000070fe00000, 0x000000070fe00000, 0x0000000710000000|  0%| F|  |TAMS 0x000000070fe00000| PB 0x000000070fe00000| Untracked 
|  94|0x0000000710000000, 0x0000000710000000, 0x0000000710200000|  0%| F|  |TAMS 0x0000000710000000| PB 0x0000000710000000| Untracked 
|  95|0x0000000710200000, 0x0000000710200000, 0x0000000710400000|  0%| F|  |TAMS 0x0000000710200000| PB 0x0000000710200000| Untracked 
|  96|0x0000000710400000, 0x0000000710400000, 0x0000000710600000|  0%| F|  |TAMS 0x0000000710400000| PB 0x0000000710400000| Untracked 
|  97|0x0000000710600000, 0x0000000710600000, 0x0000000710800000|  0%| F|  |TAMS 0x0000000710600000| PB 0x0000000710600000| Untracked 
|  98|0x0000000710800000, 0x0000000710800000, 0x0000000710a00000|  0%| F|  |TAMS 0x0000000710800000| PB 0x0000000710800000| Untracked 
|  99|0x0000000710a00000, 0x0000000710a00000, 0x0000000710c00000|  0%| F|  |TAMS 0x0000000710a00000| PB 0x0000000710a00000| Untracked 
| 100|0x0000000710c00000, 0x0000000710c00000, 0x0000000710e00000|  0%| F|  |TAMS 0x0000000710c00000| PB 0x0000000710c00000| Untracked 
| 101|0x0000000710e00000, 0x0000000710e00000, 0x0000000711000000|  0%| F|  |TAMS 0x0000000710e00000| PB 0x0000000710e00000| Untracked 
| 102|0x0000000711000000, 0x0000000711000000, 0x0000000711200000|  0%| F|  |TAMS 0x0000000711000000| PB 0x0000000711000000| Untracked 
| 103|0x0000000711200000, 0x0000000711200000, 0x0000000711400000|  0%| F|  |TAMS 0x0000000711200000| PB 0x0000000711200000| Untracked 
| 104|0x0000000711400000, 0x0000000711400000, 0x0000000711600000|  0%| F|  |TAMS 0x0000000711400000| PB 0x0000000711400000| Untracked 
| 105|0x0000000711600000, 0x0000000711600000, 0x0000000711800000|  0%| F|  |TAMS 0x0000000711600000| PB 0x0000000711600000| Untracked 
| 106|0x0000000711800000, 0x0000000711800000, 0x0000000711a00000|  0%| F|  |TAMS 0x0000000711800000| PB 0x0000000711800000| Untracked 
| 107|0x0000000711a00000, 0x0000000711a00000, 0x0000000711c00000|  0%| F|  |TAMS 0x0000000711a00000| PB 0x0000000711a00000| Untracked 
| 108|0x0000000711c00000, 0x0000000711c00000, 0x0000000711e00000|  0%| F|  |TAMS 0x0000000711c00000| PB 0x0000000711c00000| Untracked 
| 109|0x0000000711e00000, 0x0000000711e00000, 0x0000000712000000|  0%| F|  |TAMS 0x0000000711e00000| PB 0x0000000711e00000| Untracked 
| 110|0x0000000712000000, 0x0000000712000000, 0x0000000712200000|  0%| F|  |TAMS 0x0000000712000000| PB 0x0000000712000000| Untracked 
| 111|0x0000000712200000, 0x0000000712200000, 0x0000000712400000|  0%| F|  |TAMS 0x0000000712200000| PB 0x0000000712200000| Untracked 
| 112|0x0000000712400000, 0x0000000712400000, 0x0000000712600000|  0%| F|  |TAMS 0x0000000712400000| PB 0x0000000712400000| Untracked 
| 113|0x0000000712600000, 0x0000000712600000, 0x0000000712800000|  0%| F|  |TAMS 0x0000000712600000| PB 0x0000000712600000| Untracked 
| 114|0x0000000712800000, 0x0000000712800000, 0x0000000712a00000|  0%| F|  |TAMS 0x0000000712800000| PB 0x0000000712800000| Untracked 
| 115|0x0000000712a00000, 0x0000000712a00000, 0x0000000712c00000|  0%| F|  |TAMS 0x0000000712a00000| PB 0x0000000712a00000| Untracked 
| 116|0x0000000712c00000, 0x0000000712c00000, 0x0000000712e00000|  0%| F|  |TAMS 0x0000000712c00000| PB 0x0000000712c00000| Untracked 
| 117|0x0000000712e00000, 0x0000000712e00000, 0x0000000713000000|  0%| F|  |TAMS 0x0000000712e00000| PB 0x0000000712e00000| Untracked 
| 118|0x0000000713000000, 0x0000000713152048, 0x0000000713200000| 66%| E|  |TAMS 0x0000000713000000| PB 0x0000000713000000| Complete 
| 119|0x0000000713200000, 0x0000000713400000, 0x0000000713400000|100%| E|CS|TAMS 0x0000000713200000| PB 0x0000000713200000| Complete 
| 120|0x0000000713400000, 0x0000000713600000, 0x0000000713600000|100%| E|CS|TAMS 0x0000000713400000| PB 0x0000000713400000| Complete 
| 121|0x0000000713600000, 0x0000000713800000, 0x0000000713800000|100%| E|CS|TAMS 0x0000000713600000| PB 0x0000000713600000| Complete 
| 122|0x0000000713800000, 0x0000000713a00000, 0x0000000713a00000|100%| E|CS|TAMS 0x0000000713800000| PB 0x0000000713800000| Complete 
| 123|0x0000000713a00000, 0x0000000713c00000, 0x0000000713c00000|100%| E|CS|TAMS 0x0000000713a00000| PB 0x0000000713a00000| Complete 
| 124|0x0000000713c00000, 0x0000000713e00000, 0x0000000713e00000|100%| E|CS|TAMS 0x0000000713c00000| PB 0x0000000713c00000| Complete 
| 125|0x0000000713e00000, 0x0000000714000000, 0x0000000714000000|100%| E|CS|TAMS 0x0000000713e00000| PB 0x0000000713e00000| Complete 

Card table byte_map: [0x0000028ca7f30000,0x0000028ca8710000] _byte_map_base: 0x0000028ca470e000

Marking Bits: (CMBitMap*) 0x0000028c9531f490
 Bits: [0x0000028ca8710000, 0x0000028cac600000)

Polling page: 0x0000028c932c0000

Metaspace:

Usage:
  Non-class:     14.16 MB used.
      Class:      1.67 MB used.
       Both:     15.84 MB used.

Virtual space:
  Non-class space:       64.00 MB reserved,      14.25 MB ( 22%) committed,  1 nodes.
      Class space:        1.00 GB reserved,       1.75 MB ( <1%) committed,  1 nodes.
             Both:        1.06 GB reserved,      16.00 MB (  1%) committed. 

Chunk freelists:
   Non-Class:  1.00 MB
       Class:  14.20 MB
        Both:  15.20 MB

MaxMetaspaceSize: unlimited
CompressedClassSpaceSize: 1.00 GB
Initial GC threshold: 21.00 MB
Current GC threshold: 21.00 MB
CDS: off
 - commit_granule_bytes: 65536.
 - commit_granule_words: 8192.
 - virtual_space_node_default_size: 8388608.
 - enlarge_chunks_in_place: 1.
 - use_allocation_guard: 0.


Internal statistics:

num_allocs_failed_limit: 0.
num_arena_births: 226.
num_arena_deaths: 0.
num_vsnodes_births: 2.
num_vsnodes_deaths: 0.
num_space_committed: 256.
num_space_uncommitted: 0.
num_chunks_returned_to_freelist: 0.
num_chunks_taken_from_freelist: 414.
num_chunk_merges: 0.
num_chunk_splits: 221.
num_chunks_enlarged: 88.
num_inconsistent_stats: 0.

CodeHeap 'non-profiled nmethods': size=120000Kb used=400Kb max_used=400Kb free=119599Kb
 bounds [0x0000028c9fee0000, 0x0000028ca0150000, 0x0000028ca7410000]
CodeHeap 'profiled nmethods': size=120000Kb used=1786Kb max_used=1786Kb free=118213Kb
 bounds [0x0000028c98410000, 0x0000028c98680000, 0x0000028c9f940000]
CodeHeap 'non-nmethods': size=5760Kb used=1557Kb max_used=1582Kb free=4202Kb
 bounds [0x0000028c9f940000, 0x0000028c9fbb0000, 0x0000028c9fee0000]
 total_blobs=1653 nmethods=1139 adapters=419
 compilation: enabled
              stopped_count=0, restarted_count=0
 full_count=0

Compilation events (20 events):
Event: 3.846 Thread 0x0000028cafa594b0 nmethod 1104 0x0000028c9ff3fe10 code [0x0000028c9ff3ffa0, 0x0000028c9ff400d8]
Event: 3.848 Thread 0x0000028cafa594b0 1121       4       sun.security.ec.ECOperations::setDouble (463 bytes)
Event: 3.853 Thread 0x0000028caf237830 nmethod 1110 0x0000028c9ff40210 code [0x0000028c9ff40400, 0x0000028c9ff40c00]
Event: 3.853 Thread 0x0000028caf237830 1122       4       sun.security.util.math.intpoly.IntegerPolynomial$MutableElement::setAdditiveInverse (32 bytes)
Event: 3.855 Thread 0x0000028cafa785f0 nmethod 1118 0x0000028c9ff41110 code [0x0000028c9ff41300, 0x0000028c9ff41cb0]
Event: 3.855 Thread 0x0000028caf237830 nmethod 1122 0x0000028c9ff42310 code [0x0000028c9ff424a0, 0x0000028c9ff42640]
Event: 3.863 Thread 0x0000028caf2a5d40 1123       3       sun.security.ec.ECOperations$PointMultiplier$Secp256R1GeneratorMultiplier::bit (13 bytes)
Event: 3.864 Thread 0x0000028caf2a5d40 nmethod 1123 0x0000028c985c5210 code [0x0000028c985c53a0, 0x0000028c985c54c8]
Event: 3.864 Thread 0x0000028caf2a5d40 1124  s    3       java.io.ByteArrayOutputStream::toByteArray (12 bytes)
Event: 3.864 Thread 0x0000028caf2a5d40 nmethod 1124 0x0000028c985c5590 code [0x0000028c985c5740, 0x0000028c985c5950]
Event: 3.864 Thread 0x0000028caf2a5d40 1125       1       java.security.Provider::getName (5 bytes)
Event: 3.864 Thread 0x0000028caf2a5d40 nmethod 1125 0x0000028c9ff42710 code [0x0000028c9ff428a0, 0x0000028c9ff42970]
Event: 3.865 Thread 0x0000028caf2a5d40 1126       3       java.lang.Enum::hashCode (21 bytes)
Event: 3.865 Thread 0x0000028caf2a5d40 nmethod 1126 0x0000028c985c5a10 code [0x0000028c985c5bc0, 0x0000028c985c5d48]
Event: 3.867 Thread 0x0000028caf2a5d40 1128       3       java.lang.invoke.TypeConvertingMethodAdapter::convertType (299 bytes)
Event: 3.869 Thread 0x0000028caf2a5d40 nmethod 1128 0x0000028c985c5e10 code [0x0000028c985c64c0, 0x0000028c985c9eb0]
Event: 3.869 Thread 0x0000028caf2a5d40 1129   !   3       java.lang.invoke.MethodHandle::setVarargs (50 bytes)
Event: 3.869 Thread 0x0000028caf2a5d40 nmethod 1129 0x0000028c985cb290 code [0x0000028c985cb560, 0x0000028c985cc0e8]
Event: 3.869 Thread 0x0000028caf2a5d40 1130       3       java.lang.invoke.MemberName::isVarargs (23 bytes)
Event: 3.869 Thread 0x0000028caf2a5d40 nmethod 1130 0x0000028c985cc510 code [0x0000028c985cc6e0, 0x0000028c985cca38]

GC Heap History (0 events):
No events

Dll operation events (2 events):
Event: 0.017 Loaded shared library C:\Program Files\Android\Android Studio\jbr\bin\java.dll
Event: 0.048 Loaded shared library C:\Program Files\Android\Android Studio\jbr\bin\zip.dll

Deoptimization events (20 events):
Event: 1.894 Thread 0x0000028c952b9960 Uncommon trap: trap_request=0xffffff45 fr.pc=0x0000028c9fef5814 relative=0x0000000000000074
Event: 1.894 Thread 0x0000028c952b9960 Uncommon trap: reason=unstable_if action=reinterpret pc=0x0000028c9fef5814 method=java.lang.CharacterDataLatin1.toLowerCase(I)I @ 16 c2
Event: 1.894 Thread 0x0000028c952b9960 DEOPT PACKING pc=0x0000028c9fef5814 sp=0x0000009b0b1fb130
Event: 1.894 Thread 0x0000028c952b9960 DEOPT UNPACKING pc=0x0000028c9f997da2 sp=0x0000009b0b1fb0c0 mode 2
Event: 2.395 Thread 0x0000028c952b9960 DEOPT PACKING pc=0x0000028c98451f87 sp=0x0000009b0b1fdef0
Event: 2.395 Thread 0x0000028c952b9960 DEOPT UNPACKING pc=0x0000028c9f9988e2 sp=0x0000009b0b1fd388 mode 0
Event: 2.430 Thread 0x0000028c952b9960 DEOPT PACKING pc=0x0000028c984a0af5 sp=0x0000009b0b1fddb0
Event: 2.430 Thread 0x0000028c952b9960 DEOPT UNPACKING pc=0x0000028c9f9988e2 sp=0x0000009b0b1fd248 mode 0
Event: 2.449 Thread 0x0000028c952b9960 Uncommon trap: trap_request=0xffffff45 fr.pc=0x0000028c9ff0122c relative=0x000000000000008c
Event: 2.449 Thread 0x0000028c952b9960 Uncommon trap: reason=unstable_if action=reinterpret pc=0x0000028c9ff0122c method=jdk.internal.misc.Unsafe.convEndian(ZI)I @ 4 c2
Event: 2.449 Thread 0x0000028c952b9960 DEOPT PACKING pc=0x0000028c9ff0122c sp=0x0000009b0b1fdef0
Event: 2.449 Thread 0x0000028c952b9960 DEOPT UNPACKING pc=0x0000028c9f997da2 sp=0x0000009b0b1fde20 mode 2
Event: 3.634 Thread 0x0000028c952b9960 DEOPT PACKING pc=0x0000028c9842ab4c sp=0x0000009b0b1fc980
Event: 3.634 Thread 0x0000028c952b9960 DEOPT UNPACKING pc=0x0000028c9f9988e2 sp=0x0000009b0b1fbda0 mode 0
Event: 3.670 Thread 0x0000028c952b9960 DEOPT PACKING pc=0x0000028c984292cc sp=0x0000009b0b1f9010
Event: 3.670 Thread 0x0000028c952b9960 DEOPT UNPACKING pc=0x0000028c9f9988e2 sp=0x0000009b0b1f8478 mode 0
Event: 3.759 Thread 0x0000028caf833a30 Uncommon trap: trap_request=0xffffff45 fr.pc=0x0000028c9ff01690 relative=0x00000000000001b0
Event: 3.759 Thread 0x0000028caf833a30 Uncommon trap: reason=unstable_if action=reinterpret pc=0x0000028c9ff01690 method=java.lang.invoke.VarHandle.checkAccessModeThenIsDirect(Ljava/lang/invoke/VarHandle$AccessDescriptor;)Z @ 4 c2
Event: 3.759 Thread 0x0000028caf833a30 DEOPT PACKING pc=0x0000028c9ff01690 sp=0x0000009b0c4ff2f0
Event: 3.759 Thread 0x0000028caf833a30 DEOPT UNPACKING pc=0x0000028c9f997da2 sp=0x0000009b0c4ff228 mode 2

Classes loaded (20 events):
Event: 3.866 Loading class sun/security/ssl/OutputRecord$T13PaddingHolder
Event: 3.866 Loading class sun/security/ssl/OutputRecord$T13PaddingHolder done
Event: 3.866 Loading class sun/security/ssl/Ciphertext
Event: 3.866 Loading class sun/security/ssl/Ciphertext done
Event: 3.866 Loading class sun/security/ssl/PostHandshakeContext
Event: 3.866 Loading class sun/security/ssl/PostHandshakeContext done
Event: 3.866 Loading class javax/net/ssl/SSLEngineResult$Status
Event: 3.866 Loading class javax/net/ssl/SSLEngineResult$Status done
Event: 3.866 Loading class javax/net/ssl/SSLEngineResult
Event: 3.866 Loading class javax/net/ssl/SSLEngineResult done
Event: 3.866 Loading class java/lang/NoSuchFieldError
Event: 3.866 Loading class java/lang/NoSuchFieldError done
Event: 3.867 Loading class sun/nio/ch/IOVecWrapper
Event: 3.867 Loading class sun/nio/ch/IOVecWrapper done
Event: 3.867 Loading class sun/nio/ch/AllocatedNativeObject
Event: 3.867 Loading class sun/nio/ch/NativeObject
Event: 3.868 Loading class sun/nio/ch/NativeObject done
Event: 3.868 Loading class sun/nio/ch/AllocatedNativeObject done
Event: 3.868 Loading class sun/nio/ch/IOVecWrapper$Deallocator
Event: 3.868 Loading class sun/nio/ch/IOVecWrapper$Deallocator done

Classes unloaded (0 events):
No events

Classes redefined (0 events):
No events

Internal exceptions (20 events):
Event: 3.627 Thread 0x0000028c952b9960 Exception <a 'java/lang/NoSuchMethodError'{0x0000000713903ee0}: 'int java.lang.invoke.DirectMethodHandle$Holder.invokeVirtual(java.lang.Object, java.lang.Object)'> (0x0000000713903ee0) 
thrown [s\src\hotspot\share\interpreter\linkResolver.cpp, line 784]
Event: 3.627 Thread 0x0000028c952b9960 Exception <a 'java/lang/NoSuchMethodError'{0x0000000713908288}: 'int java.lang.invoke.DirectMethodHandle$Holder.invokeStaticInit(java.lang.Object, int, int)'> (0x0000000713908288) 
thrown [s\src\hotspot\share\interpreter\linkResolver.cpp, line 784]
Event: 3.628 Thread 0x0000028c952b9960 Exception <a 'java/lang/NoSuchMethodError'{0x000000071390f898}: 'int java.lang.invoke.DirectMethodHandle$Holder.invokeStaticInit(java.lang.Object, long, long)'> (0x000000071390f898) 
thrown [s\src\hotspot\share\interpreter\linkResolver.cpp, line 784]
Event: 3.628 Thread 0x0000028c952b9960 Exception <a 'java/lang/NoSuchMethodError'{0x0000000713916330}: 'int java.lang.invoke.DirectMethodHandle$Holder.invokeStaticInit(java.lang.Object, float, float)'> (0x0000000713916330) 
thrown [s\src\hotspot\share\interpreter\linkResolver.cpp, line 784]
Event: 3.629 Thread 0x0000028c952b9960 Exception <a 'java/lang/NoSuchMethodError'{0x000000071391cee8}: 'int java.lang.invoke.DirectMethodHandle$Holder.invokeStaticInit(java.lang.Object, double, double)'> (0x000000071391cee8) 
thrown [s\src\hotspot\share\interpreter\linkResolver.cpp, line 784]
Event: 3.629 Thread 0x0000028c952b9960 Exception <a 'java/lang/NoSuchMethodError'{0x0000000713921570}: 'int java.lang.invoke.DirectMethodHandle$Holder.invokeStatic(java.lang.Object, long)'> (0x0000000713921570) 
thrown [s\src\hotspot\share\interpreter\linkResolver.cpp, line 784]
Event: 3.633 Thread 0x0000028c952b9960 Exception <a 'java/lang/NoSuchMethodError'{0x000000071394e350}: 'java.lang.Object java.lang.invoke.DelegatingMethodHandle$Holder.delegate(java.lang.Object, int, java.lang.Object, java.lang.Object)'> (0x000000071394e350) 
thrown [s\src\hotspot\share\interpreter\linkResolver.cpp, line 784]
Event: 3.635 Thread 0x0000028c952b9960 Exception <a 'java/lang/NoSuchMethodError'{0x000000071395d8d0}: 'int java.lang.invoke.Invokers$Holder.linkToTargetMethod(java.lang.Object, java.lang.Object, java.lang.Object)'> (0x000000071395d8d0) 
thrown [s\src\hotspot\share\interpreter\linkResolver.cpp, line 784]
Event: 3.637 Thread 0x0000028c952b9960 Exception <a 'java/lang/NoSuchMethodError'{0x000000071398c7b0}: 'long java.lang.invoke.DirectMethodHandle$Holder.invokeSpecial(java.lang.Object, java.lang.Object)'> (0x000000071398c7b0) 
thrown [s\src\hotspot\share\interpreter\linkResolver.cpp, line 784]
Event: 3.638 Thread 0x0000028c952b9960 Exception <a 'java/lang/NoSuchMethodError'{0x0000000713993080}: 'int java.lang.invoke.DirectMethodHandle$Holder.invokeStatic(java.lang.Object, java.lang.Object, java.lang.Object, java.lang.Object)'> (0x0000000713993080) 
thrown [s\src\hotspot\share\interpreter\linkResolver.cpp, line 784]
Event: 3.639 Thread 0x0000028c952b9960 Exception <a 'java/lang/NoSuchMethodError'{0x00000007139964a0}: 'java.lang.Object java.lang.invoke.Invokers$Holder.invokeExact_MT(java.lang.Object, java.lang.Object, java.lang.Object, java.lang.Object, java.lang.Object, java.lang.Object)'> (0x00000007139964a0) 
thrown [s\src\hotspot\share\interpreter\linkResolver.cpp, line 784]
Event: 3.718 Thread 0x0000028c952b9960 Exception <a 'java/lang/NoSuchMethodError'{0x000000071371dca8}: 'java.lang.Object java.lang.invoke.DirectMethodHandle$Holder.newInvokeSpecial(java.lang.Object, java.lang.Object, java.lang.Object, java.lang.Object, java.lang.Object)'> (0x000000071371dca8) 
thrown [s\src\hotspot\share\interpreter\linkResolver.cpp, line 784]
Event: 3.743 Thread 0x0000028c952b9960 Exception <a 'java/lang/NoSuchMethodError'{0x00000007134eac68}: 'java.lang.Object java.lang.invoke.DirectMethodHandle$Holder.invokeSpecial(java.lang.Object, java.lang.Object, java.lang.Object, java.lang.Object, int)'> (0x00000007134eac68) 
thrown [s\src\hotspot\share\interpreter\linkResolver.cpp, line 784]
Event: 3.744 Thread 0x0000028c952b9960 Exception <a 'java/lang/NoSuchMethodError'{0x00000007134ee5d0}: 'java.lang.Object java.lang.invoke.Invokers$Holder.linkToTargetMethod(java.lang.Object, java.lang.Object, int, java.lang.Object)'> (0x00000007134ee5d0) 
thrown [s\src\hotspot\share\interpreter\linkResolver.cpp, line 784]
Event: 3.749 Thread 0x0000028c952b9960 Exception <a 'java/lang/NoSuchMethodError'{0x000000071351a168}: 'void java.lang.invoke.DirectMethodHandle$Holder.invokeSpecial(java.lang.Object, java.lang.Object, java.lang.Object)'> (0x000000071351a168) 
thrown [s\src\hotspot\share\interpreter\linkResolver.cpp, line 784]
Event: 3.761 Thread 0x0000028c952b9960 Exception <a 'java/lang/NoSuchMethodError'{0x000000071359f980}: 'void java.lang.invoke.DirectMethodHandle$Holder.invokeSpecial(java.lang.Object, java.lang.Object, java.lang.Object, java.lang.Object, java.lang.Object)'> (0x000000071359f980) 
thrown [s\src\hotspot\share\interpreter\linkResolver.cpp, line 784]
Event: 3.761 Thread 0x0000028caf833a30 Exception <a 'java/lang/NoSuchMethodError'{0x00000007137757d8}: 'void java.lang.invoke.DirectMethodHandle$Holder.invokeStatic(java.lang.Object, java.lang.Object, int)'> (0x00000007137757d8) 
thrown [s\src\hotspot\share\interpreter\linkResolver.cpp, line 784]
Event: 3.769 Thread 0x0000028caf833a30 Exception <a 'java/lang/NoSuchMethodError'{0x00000007137af310}: 'void java.lang.invoke.DirectMethodHandle$Holder.invokeStatic(java.lang.Object, java.lang.Object)'> (0x00000007137af310) 
thrown [s\src\hotspot\share\interpreter\linkResolver.cpp, line 784]
Event: 3.770 Thread 0x0000028cafa651b0 Exception <a 'java/lang/NoSuchMethodError'{0x0000000713209aa0}: 'void java.lang.invoke.DirectMethodHandle$Holder.invokeInterface(java.lang.Object, java.lang.Object, java.lang.Object)'> (0x0000000713209aa0) 
thrown [s\src\hotspot\share\interpreter\linkResolver.cpp, line 784]
Event: 3.776 Thread 0x0000028cafa651b0 Exception <a 'java/lang/NoSuchMethodError'{0x000000071324f3f0}: 'void java.lang.invoke.DirectMethodHandle$Holder.invokeVirtual(java.lang.Object, java.lang.Object)'> (0x000000071324f3f0) 
thrown [s\src\hotspot\share\interpreter\linkResolver.cpp, line 784]

ZGC Phase Switch (0 events):
No events

VM Operations (13 events):
Event: 1.038 Executing VM operation: HandshakeAllThreads (Deoptimize)
Event: 1.038 Executing VM operation: HandshakeAllThreads (Deoptimize) done
Event: 1.154 Executing VM operation: HandshakeAllThreads (Deoptimize)
Event: 1.154 Executing VM operation: HandshakeAllThreads (Deoptimize) done
Event: 2.019 Executing VM operation: HandshakeAllThreads (Deoptimize)
Event: 2.019 Executing VM operation: HandshakeAllThreads (Deoptimize) done
Event: 2.019 Executing VM operation: Cleanup
Event: 2.019 Executing VM operation: Cleanup done
Event: 3.020 Executing VM operation: Cleanup
Event: 3.613 Executing VM operation: Cleanup done
Event: 3.765 Executing VM operation: HandshakeAllThreads (Deoptimize)
Event: 3.765 Executing VM operation: HandshakeAllThreads (Deoptimize) done
Event: 4.774 Executing VM operation: Cleanup

Memory protections (0 events):
No events

Nmethod flushes (0 events):
No events

Events (20 events):
Event: 0.232 Thread 0x0000028c952b9960 Thread added: 0x0000028caf21edb0
Event: 0.232 Thread 0x0000028c952b9960 Thread added: 0x0000028caf221820
Event: 0.234 Thread 0x0000028c952b9960 Thread added: 0x0000028caf22a290
Event: 0.234 Thread 0x0000028c952b9960 Thread added: 0x0000028caf22ace0
Event: 0.234 Thread 0x0000028c952b9960 Thread added: 0x0000028caf22b730
Event: 0.234 Thread 0x0000028c952b9960 Thread added: 0x0000028caf236ab0
Event: 0.234 Thread 0x0000028c952b9960 Thread added: 0x0000028caf237830
Event: 0.277 Thread 0x0000028c952b9960 Thread added: 0x0000028caf2a5d40
Event: 0.819 Thread 0x0000028c952b9960 Thread added: 0x0000028caf3d0ce0
Event: 0.902 Thread 0x0000028c952b9960 Thread added: 0x0000028caf3da530
Event: 1.014 Loaded shared library C:\Program Files\Android\Android Studio\jbr\bin\net.dll
Event: 1.018 Loaded shared library C:\Program Files\Android\Android Studio\jbr\bin\nio.dll
Event: 1.030 Loaded shared library C:\Program Files\Android\Android Studio\jbr\bin\zip.dll
Event: 1.702 Loaded shared library C:\Program Files\Android\Android Studio\jbr\bin\jimage.dll
Event: 3.709 Loaded shared library C:\Program Files\Android\Android Studio\jbr\bin\extnet.dll
Event: 3.714 Thread 0x0000028c952b9960 Thread added: 0x0000028caf833a30
Event: 3.768 Thread 0x0000028caf833a30 Thread added: 0x0000028cafa651b0
Event: 3.781 Thread 0x0000028caf833a30 Thread added: 0x0000028cafa4e150
Event: 3.817 Thread 0x0000028caf2a5d40 Thread added: 0x0000028cafa594b0
Event: 3.818 Thread 0x0000028caf237830 Thread added: 0x0000028cafa785f0


Dynamic libraries:
0x00007ff6a0330000 - 0x00007ff6a033a000 	C:\Program Files\Android\Android Studio\jbr\bin\java.exe
0x00007ffc19d20000 - 0x00007ffc19f86000 	C:\WINDOWS\SYSTEM32\ntdll.dll
0x00007ffc19160000 - 0x00007ffc19229000 	C:\WINDOWS\System32\KERNEL32.DLL
0x00007ffc17170000 - 0x00007ffc1753c000 	C:\WINDOWS\System32\KERNELBASE.dll
0x00007ffc17600000 - 0x00007ffc1774b000 	C:\WINDOWS\System32\ucrtbase.dll
0x00007ffbde370000 - 0x00007ffbde388000 	C:\Program Files\Android\Android Studio\jbr\bin\jli.dll
0x00007ffc18780000 - 0x00007ffc1894a000 	C:\WINDOWS\System32\USER32.dll
0x00007ffc17930000 - 0x00007ffc17957000 	C:\WINDOWS\System32\win32u.dll
0x00007ffc18f20000 - 0x00007ffc18f4b000 	C:\WINDOWS\System32\GDI32.dll
0x00007ffc16eb0000 - 0x00007ffc16fe2000 	C:\WINDOWS\System32\gdi32full.dll
0x00007ffc17750000 - 0x00007ffc177f3000 	C:\WINDOWS\System32\msvcp_win.dll
0x00007ffbfbfa0000 - 0x00007ffbfbfbb000 	C:\Program Files\Android\Android Studio\jbr\bin\VCRUNTIME140.dll
0x00007ffbfb560000 - 0x00007ffbfb7fa000 	C:\WINDOWS\WinSxS\amd64_microsoft.windows.common-controls_6595b64144ccf1df_6.0.26100.3912_none_3e07963ce335137e\COMCTL32.dll
0x00007ffc17b60000 - 0x00007ffc17c09000 	C:\WINDOWS\System32\msvcrt.dll
0x00007ffc186f0000 - 0x00007ffc18720000 	C:\WINDOWS\System32\IMM32.DLL
0x00007ffc020e0000 - 0x00007ffc020ec000 	C:\Program Files\Android\Android Studio\jbr\bin\vcruntime140_1.dll
0x00007ffbc8090000 - 0x00007ffbc811d000 	C:\Program Files\Android\Android Studio\jbr\bin\msvcp140.dll
0x00007ffbb5e30000 - 0x00007ffbb6abb000 	C:\Program Files\Android\Android Studio\jbr\bin\server\jvm.dll
0x00007ffc17c10000 - 0x00007ffc17cc2000 	C:\WINDOWS\System32\ADVAPI32.dll
0x00007ffc18de0000 - 0x00007ffc18e86000 	C:\WINDOWS\System32\sechost.dll
0x00007ffc19040000 - 0x00007ffc19156000 	C:\WINDOWS\System32\RPCRT4.dll
0x00007ffc19490000 - 0x00007ffc19504000 	C:\WINDOWS\System32\WS2_32.dll
0x00007ffc15b00000 - 0x00007ffc15b5e000 	C:\WINDOWS\SYSTEM32\POWRPROF.dll
0x00007ffc085b0000 - 0x00007ffc085e6000 	C:\WINDOWS\SYSTEM32\WINMM.dll
0x00007ffc0cb30000 - 0x00007ffc0cb3b000 	C:\WINDOWS\SYSTEM32\VERSION.dll
0x00007ffc15ae0000 - 0x00007ffc15af4000 	C:\WINDOWS\SYSTEM32\UMPDC.dll
0x00007ffc15d90000 - 0x00007ffc15daa000 	C:\WINDOWS\SYSTEM32\kernel.appcore.dll
0x00007ffbfe8d0000 - 0x00007ffbfe8da000 	C:\Program Files\Android\Android Studio\jbr\bin\jimage.dll
0x00007ffc13fa0000 - 0x00007ffc141e1000 	C:\WINDOWS\SYSTEM32\DBGHELP.DLL
0x00007ffc17f90000 - 0x00007ffc18314000 	C:\WINDOWS\System32\combase.dll
0x00007ffc18f50000 - 0x00007ffc19030000 	C:\WINDOWS\System32\OLEAUT32.dll
0x00007ffbe0560000 - 0x00007ffbe0599000 	C:\WINDOWS\SYSTEM32\dbgcore.DLL
0x00007ffc17800000 - 0x00007ffc17899000 	C:\WINDOWS\System32\bcryptPrimitives.dll
0x00007ffbfb870000 - 0x00007ffbfb890000 	C:\Program Files\Android\Android Studio\jbr\bin\java.dll
0x00007ffbfa9e0000 - 0x00007ffbfa9f8000 	C:\Program Files\Android\Android Studio\jbr\bin\zip.dll
0x00007ffc19580000 - 0x00007ffc19cad000 	C:\WINDOWS\System32\SHELL32.dll
0x00007ffc17960000 - 0x00007ffc17ad4000 	C:\WINDOWS\System32\wintypes.dll
0x00007ffc14b60000 - 0x00007ffc153b6000 	C:\WINDOWS\SYSTEM32\windows.storage.dll
0x00007ffc185e0000 - 0x00007ffc186cf000 	C:\WINDOWS\System32\SHCORE.dll
0x00007ffc192b0000 - 0x00007ffc19319000 	C:\WINDOWS\System32\shlwapi.dll
0x00007ffc16dc0000 - 0x00007ffc16def000 	C:\WINDOWS\SYSTEM32\profapi.dll
0x00007ffbfc440000 - 0x00007ffbfc450000 	C:\Program Files\Android\Android Studio\jbr\bin\net.dll
0x00007ffc0c590000 - 0x00007ffc0c6ae000 	C:\WINDOWS\SYSTEM32\WINHTTP.dll
0x00007ffc16300000 - 0x00007ffc1636a000 	C:\WINDOWS\system32\mswsock.dll
0x00007ffbf9f30000 - 0x00007ffbf9f46000 	C:\Program Files\Android\Android Studio\jbr\bin\nio.dll
0x00007ffc165a0000 - 0x00007ffc165bc000 	C:\WINDOWS\SYSTEM32\CRYPTSP.dll
0x00007ffc15cf0000 - 0x00007ffc15d2a000 	C:\WINDOWS\system32\rsaenh.dll
0x00007ffc163a0000 - 0x00007ffc163cb000 	C:\WINDOWS\SYSTEM32\USERENV.dll
0x00007ffc16d90000 - 0x00007ffc16db6000 	C:\WINDOWS\SYSTEM32\bcrypt.dll
0x00007ffc165c0000 - 0x00007ffc165cc000 	C:\WINDOWS\SYSTEM32\CRYPTBASE.dll
0x00007ffc15880000 - 0x00007ffc158b3000 	C:\WINDOWS\SYSTEM32\IPHLPAPI.DLL
0x00007ffc19570000 - 0x00007ffc1957a000 	C:\WINDOWS\System32\NSI.dll
0x00007ffb9f170000 - 0x00007ffb9f178000 	C:\WINDOWS\system32\wshunix.dll
0x00007ffbfb950000 - 0x00007ffbfb959000 	C:\Program Files\Android\Android Studio\jbr\bin\extnet.dll

dbghelp: loaded successfully - version: 4.0.5 - missing functions: none
symbol engine: initialized successfully - sym options: 0x614 - pdb path: .;C:\Program Files\Android\Android Studio\jbr\bin;C:\WINDOWS\SYSTEM32;C:\WINDOWS\WinSxS\amd64_microsoft.windows.common-controls_6595b64144ccf1df_6.0.26100.3912_none_3e07963ce335137e;C:\Program Files\Android\Android Studio\jbr\bin\server

VM Arguments:
java_command: git4idea.http.GitAskPassApp Username for 'https://github.com': 
java_class_path (initial): C:/Program Files/Android/Android Studio/plugins/vcs-git/lib/git4idea-rt.jar;C:/Program Files/Android/Android Studio/lib/externalProcess-rt.jar
Launcher Type: SUN_STANDARD

[Global flags]
     intx CICompilerCount                          = 4                                         {product} {ergonomic}
     uint ConcGCThreads                            = 2                                         {product} {ergonomic}
     uint G1ConcRefinementThreads                  = 8                                         {product} {ergonomic}
   size_t G1HeapRegionSize                         = 2097152                                   {product} {ergonomic}
    uintx GCDrainStackTargetSize                   = 64                                        {product} {ergonomic}
   size_t InitialHeapSize                          = 264241152                                 {product} {ergonomic}
   size_t MarkStackSize                            = 4194304                                   {product} {ergonomic}
   size_t MaxHeapSize                              = 4223664128                                {product} {ergonomic}
   size_t MaxNewSize                               = 2533359616                                {product} {ergonomic}
   size_t MinHeapDeltaBytes                        = 2097152                                   {product} {ergonomic}
   size_t MinHeapSize                              = 8388608                                   {product} {ergonomic}
    uintx NonNMethodCodeHeapSize                   = 5839372                                {pd product} {ergonomic}
    uintx NonProfiledCodeHeapSize                  = 122909434                              {pd product} {ergonomic}
    uintx ProfiledCodeHeapSize                     = 122909434                              {pd product} {ergonomic}
    uintx ReservedCodeCacheSize                    = 251658240                              {pd product} {ergonomic}
     bool SegmentedCodeCache                       = true                                      {product} {ergonomic}
   size_t SoftMaxHeapSize                          = 4223664128                             {manageable} {ergonomic}
     bool UseCompressedOops                        = true                           {product lp64_product} {ergonomic}
     bool UseG1GC                                  = true                                      {product} {ergonomic}
     bool UseLargePagesIndividualAllocation        = false                                  {pd product} {ergonomic}

Logging:
Log output configuration:
 #0: stdout all=warning uptime,level,tags foldmultilines=false
 #1: stderr all=off uptime,level,tags foldmultilines=false

Environment Variables:
PATH=C:/Program Files/Git/mingw64/libexec/git-core;C:/Program Files/Git/mingw64/libexec/git-core;C:\Program Files\Git\mingw64\bin;C:\Program Files\Git\usr\bin;C:\Users\Administrator\bin;C:\Program Files (x86)\Common Files\Oracle\Java\javapath;C:\WINDOWS\system32;C:\WINDOWS;C:\WINDOWS\System32\Wbem;C:\WINDOWS\System32\WindowsPowerShell\v1.0\;C:\WINDOWS\System32\OpenSSH\;C:\Program Files\Git\cmd;C:\Program Files\dotnet\;C:\ProgramData\chocolatey\bin;C:\Program Files\Cloudflare\Cloudflare WARP\;C:\Users\Administrator\.local\bin;C:\Users\Administrator\AppData\Local\Microsoft\WindowsApps;C:\Users\Administrator\AppData\Local\Programs\Microsoft VS Code\bin;C:\ffmpeg;C:\Users\Administrator\ffmpeg;C:\Users\Administrator\AppData\Local\Programs\cursor\resources\app\bin
USERNAME=Administrator
DISPLAY=:0.0
LC_ALL=en_US.UTF-8
TERM=xterm-256color
TMPDIR=C:\Users\ADMINI~1\AppData\Local\Temp
OS=Windows_NT
PROCESSOR_IDENTIFIER=Intel64 Family 6 Model 140 Stepping 1, GenuineIntel
TMP=C:\Users\ADMINI~1\AppData\Local\Temp
TEMP=C:\Users\ADMINI~1\AppData\Local\Temp




Periodic native trim disabled

JNI global refs:
JNI global refs: 20, weak refs: 2

JNI global refs memory usage: 835, weak refs: 833

Process memory usage:
Resident Set Size: 81184K (0% of 16493352K total physical memory with 1308908K free physical memory)

OOME stack traces (most recent first):
Classloader memory used:
Loader bootstrap                                                                       : 14775K
Loader jdk.internal.loader.ClassLoaders$PlatformClassLoader                            : 1531K
Loader jdk.internal.loader.ClassLoaders$AppClassLoader                                 : 16400B

---------------  S Y S T E M  ---------------

OS:
 Windows 11 , 64 bit Build 26100 (10.0.26100.3912)
OS uptime: 1 days 22:17 hours

CPU: total 8 (initial active 8) (4 cores per cpu, 2 threads per core) family 6 model 140 stepping 1 microcode 0xbc, cx8, cmov, fxsr, ht, mmx, 3dnowpref, sse, sse2, sse3, ssse3, sse4.1, sse4.2, popcnt, lzcnt, tsc, tscinvbit, avx, avx2, aes, erms, clmul, bmi1, bmi2, adx, avx512f, avx512dq, avx512cd, avx512bw, avx512vl, sha, fma, vzeroupper, avx512_vpopcntdq, avx512_vpclmulqdq, avx512_vaes, avx512_vnni, clflush, clflushopt, clwb, avx512_vbmi2, avx512_vbmi, rdtscp, rdpid, fsrm, gfni, avx512_bitalg, f16c, pku, cet_ibt, cet_ss, avx512_ifma
Processor Information for the first 8 processors :
  Max Mhz: 2419, Current Mhz: 2419, Mhz Limit: 2419

Memory: 4k page, system-wide physical 16106M (1278M free)
TotalPageFile size 20202M (AvailPageFile size 2M)
current process WorkingSet (physical memory assigned to process): 79M, peak: 79M
current process commit charge ("private bytes"): 355M, peak: 356M

vm_info: OpenJDK 64-Bit Server VM (21.0.6+-13355223-b631.42) for windows-amd64 JRE (21.0.6+-13355223-b631.42), built on 2025-04-14T18:21:23Z by "builder" with MS VC++ 16.10 / 16.11 (VS2019)

END.
